  curl_ctype.c
  curl_multibyte.c
  dynbuf.c
  nonblock.c
  strtoofft.c
  version_win32.c
  slist_wc.c
  tool_binmode.c
  tool_bname.c
  tool_cb_dbg.c
  tool_cb_hdr.c
  tool_cb_prg.c
  tool_cb_rea.c
  tool_cb_see.c
  tool_cb_wrt.c
  tool_cfgable.c
  tool_convert.c
  tool_dirhie.c
  tool_doswin.c
  tool_easysrc.c
  Generating Code...
  Compiling...
  tool_filetime.c
  tool_formparse.c
  tool_getparam.c
  tool_getpass.c
  tool_help.c
  tool_helpers.c
  tool_homedir.c
  tool_hugehelp.c
  tool_libinfo.c
  tool_main.c
  tool_metalink.c
  tool_msgs.c
  tool_operate.c
  tool_operhlp.c
  tool_panykey.c
  tool_paramhlp.c
  tool_parsecfg.c
  tool_progress.c
  tool_setopt.c
  tool_sleep.c
  Generating Code...
  Compiling...
  tool_strdup.c
  tool_urlglob.c
  tool_util.c
  tool_vms.c
  tool_writeout.c
  tool_writeout_json.c
  tool_xattr.c
  Generating Code...
  curl.vcxproj -> J:\GitHub\ioRtcwPro\MP\libs\libcurl\src\Debug\libcurl-d.exe
